<?xml version="1.0" encoding="UTF-8"?>
<testsuite name="com.example.ssf.entity.UserTest" tests="4" skipped="0" failures="0" errors="0" timestamp="2025-05-20T01:21:16.218Z" hostname="Mac.lan" time="0.004">
  <properties/>
  <testcase name="testToString()" classname="com.example.ssf.entity.UserTest" time="0.002"/>
  <testcase name="testNoArgsConstructor()" classname="com.example.ssf.entity.UserTest" time="0.001"/>
  <testcase name="testAllArgsConstructor()" classname="com.example.ssf.entity.UserTest" time="0.0"/>
  <testcase name="testEqualsAndHashCode()" classname="com.example.ssf.entity.UserTest" time="0.001"/>
  <system-out><![CDATA[]]></system-out>
  <system-err><![CDATA[]]></system-err>
</testsuite>
