<?xml version="1.0" encoding="UTF-8"?>
<testsuite name="com.example.ssf.controller.UserControllerTest" tests="3" skipped="0" failures="0" errors="0" timestamp="2025-05-20T01:21:19.954Z" hostname="Mac.lan" time="0.11">
  <properties/>
  <testcase name="createUser_WhenValidInput_ReturnsCreatedUser()" classname="com.example.ssf.controller.UserControllerTest" time="0.097"/>
  <testcase name="getUserById_WhenUserExists_ReturnsUser()" classname="com.example.ssf.controller.UserControllerTest" time="0.008"/>
  <testcase name="getUserById_WhenUserDoesNotExist_ReturnsEmpty()" classname="com.example.ssf.controller.UserControllerTest" time="0.004"/>
  <system-out><![CDATA[2025-05-19T21:21:19.508-04:00  INFO 36594 --- [ssf] [    Test worker] t.c.s.AnnotationConfigContextLoaderUtils : Could not detect default configuration classes for test class [com.example.ssf.controller.UserControllerTest]: UserControllerTest does not declare any static, non-private, non-final, nested classes annotated with @Configuration.
2025-05-19T21:21:19.511-04:00  INFO 36594 --- [ssf] [    Test worker] .b.t.c.SpringBootTestContextBootstrapper : Found @SpringBootConfiguration com.example.ssf.SsfApplication for test class com.example.ssf.controller.UserControllerTest

  .   ____          _            __ _ _
 /\\ / ___'_ __ _ _(_)_ __  __ _ \ \ \ \
( ( )\___ | '_ | '_| | '_ \/ _` | \ \ \ \
 \\/  ___)| |_)| | | | | || (_| |  ) ) ) )
  '  |____| .__|_| |_|_| |_\__, | / / / /
 =========|_|==============|___/=/_/_/_/

 :: Spring Boot ::                (v3.4.5)

2025-05-19T21:21:19.522-04:00  INFO 36594 --- [ssf] [    Test worker] c.e.ssf.controller.UserControllerTest    : Starting UserControllerTest using Java 21.0.7 with PID 36594 (started by rcs in /Users/rcs/git/graphqlScala/ssf)
2025-05-19T21:21:19.522-04:00  INFO 36594 --- [ssf] [    Test worker] c.e.ssf.controller.UserControllerTest    : No active profile set, falling back to 1 default profile: "default"
2025-05-19T21:21:19.611-04:00  INFO 36594 --- [ssf] [    Test worker] .s.d.r.c.RepositoryConfigurationDelegate : Bootstrapping Spring Data JPA repositories in DEFAULT mode.
2025-05-19T21:21:19.615-04:00  INFO 36594 --- [ssf] [    Test worker] .s.d.r.c.RepositoryConfigurationDelegate : Finished Spring Data repository scanning in 2 ms. Found 1 JPA repository interface.
2025-05-19T21:21:19.684-04:00  INFO 36594 --- [ssf] [    Test worker] o.hibernate.jpa.internal.util.LogHelper  : HHH000204: Processing PersistenceUnitInfo [name: default]
2025-05-19T21:21:19.686-04:00  INFO 36594 --- [ssf] [    Test worker] o.h.c.internal.RegionFactoryInitiator    : HHH000026: Second-level cache disabled
2025-05-19T21:21:19.689-04:00  INFO 36594 --- [ssf] [    Test worker] o.s.o.j.p.SpringPersistenceUnitInfo      : No LoadTimeWeaver setup: ignoring JPA class transformer
2025-05-19T21:21:19.689-04:00  INFO 36594 --- [ssf] [    Test worker] com.zaxxer.hikari.HikariDataSource       : HikariPool-3 - Starting...
2025-05-19T21:21:19.690-04:00  INFO 36594 --- [ssf] [    Test worker] com.zaxxer.hikari.pool.HikariPool        : HikariPool-3 - Added connection org.sqlite.jdbc4.JDBC4Connection@2a1d353d
2025-05-19T21:21:19.690-04:00  INFO 36594 --- [ssf] [    Test worker] com.zaxxer.hikari.HikariDataSource       : HikariPool-3 - Start completed.
2025-05-19T21:21:19.690-04:00  INFO 36594 --- [ssf] [    Test worker] org.hibernate.orm.connections.pooling    : HHH10001005: Database info:
	Database JDBC URL [Connecting through datasource 'HikariDataSource (HikariPool-3)']
	Database driver: undefined/unknown
	Database version: 3.45.1
	Autocommit mode: undefined/unknown
	Isolation level: undefined/unknown
	Minimum pool size: undefined/unknown
	Maximum pool size: undefined/unknown
2025-05-19T21:21:19.698-04:00  INFO 36594 --- [ssf] [    Test worker] o.h.e.t.j.p.i.JtaPlatformInitiator       : HHH000489: No JTA platform available (set 'hibernate.transaction.jta.platform' to enable JTA platform integration)
2025-05-19T21:21:19.699-04:00  INFO 36594 --- [ssf] [    Test worker] j.LocalContainerEntityManagerFactoryBean : Initialized JPA EntityManagerFactory for persistence unit 'default'
2025-05-19T21:21:19.714-04:00  WARN 36594 --- [ssf] [    Test worker] JpaBaseConfiguration$JpaWebConfiguration : spring.jpa.open-in-view is enabled by default. Therefore, database queries may be performed during view rendering. Explicitly configure spring.jpa.open-in-view to disable this warning
2025-05-19T21:21:19.724-04:00  INFO 36594 --- [ssf] [    Test worker] r$InitializeUserDetailsManagerConfigurer : Global AuthenticationManager configured with UserDetailsService bean with name inMemoryUserDetailsManager
2025-05-19T21:21:19.823-04:00  INFO 36594 --- [ssf] [    Test worker] o.s.b.a.e.web.EndpointLinksResolver      : Exposing 14 endpoints beneath base path '/actuator'
2025-05-19T21:21:19.943-04:00  INFO 36594 --- [ssf] [    Test worker] o.s.b.t.m.w.SpringBootMockServletContext : Initializing Spring TestDispatcherServlet ''
2025-05-19T21:21:19.943-04:00  INFO 36594 --- [ssf] [    Test worker] o.s.t.web.servlet.TestDispatcherServlet  : Initializing Servlet ''
2025-05-19T21:21:19.943-04:00  INFO 36594 --- [ssf] [    Test worker] o.s.t.web.servlet.TestDispatcherServlet  : Completed initialization in 0 ms
2025-05-19T21:21:19.953-04:00  INFO 36594 --- [ssf] [    Test worker] c.e.ssf.controller.UserControllerTest    : Started UserControllerTest in 0.44 seconds (process running for 5.991)
]]></system-out>
  <system-err><![CDATA[]]></system-err>
</testsuite>
