<?xml version="1.0" encoding="UTF-8"?>
<testsuite name="com.example.ssf.service.UserServiceTest" tests="5" skipped="0" failures="0" errors="0" timestamp="2025-05-20T01:21:20.066Z" hostname="Mac.lan" time="0.071">
  <properties/>
  <testcase name="findByEmail_WhenUserExists_ReturnsUser()" classname="com.example.ssf.service.UserServiceTest" time="0.067"/>
  <testcase name="findByUsername_WhenUserDoesNotExist_ReturnsEmpty()" classname="com.example.ssf.service.UserServiceTest" time="0.001"/>
  <testcase name="save_WhenValidUser_ReturnsSavedUser()" classname="com.example.ssf.service.UserServiceTest" time="0.002"/>
  <testcase name="findById_WhenUserExists_ReturnsUser()" classname="com.example.ssf.service.UserServiceTest" time="0.001"/>
  <testcase name="findByUsername_WhenUserExists_ReturnsUser()" classname="com.example.ssf.service.UserServiceTest" time="0.0"/>
  <system-out><![CDATA[]]></system-out>
  <system-err><![CDATA[]]></system-err>
</testsuite>
