<?xml version="1.0" encoding="UTF-8"?>
<testsuite name="com.example.ssf.HealthConfigTest" tests="5" skipped="0" failures="1" errors="0" timestamp="2025-05-20T01:21:15.021Z" hostname="Mac.lan" time="1.193">
  <properties/>
  <testcase name="testCustomHealthContributors()" classname="com.example.ssf.HealthConfigTest" time="0.685"/>
  <testcase name="testYouHealthIndicator()" classname="com.example.ssf.HealthConfigTest" time="0.008"/>
  <testcase name="testDatabaseConnectionHealthIndicatorWithValidConnection()" classname="com.example.ssf.HealthConfigTest" time="0.415"/>
  <testcase name="testMinioHealthIndicator()" classname="com.example.ssf.HealthConfigTest" time="0.077">
    <failure message="org.opentest4j.AssertionFailedError: expected: &lt;UP&gt; but was: &lt;DOWN&gt;" type="org.opentest4j.AssertionFailedError">org.opentest4j.AssertionFailedError: expected: &lt;UP&gt; but was: &lt;DOWN&gt;
	at app//org.junit.jupiter.api.AssertionFailureBuilder.build(AssertionFailureBuilder.java:151)
	at app//org.junit.jupiter.api.AssertionFailureBuilder.buildAndThrow(AssertionFailureBuilder.java:132)
	at app//org.junit.jupiter.api.AssertEquals.failNotEqual(AssertEquals.java:197)
	at app//org.junit.jupiter.api.AssertEquals.assertEquals(AssertEquals.java:182)
	at app//org.junit.jupiter.api.AssertEquals.assertEquals(AssertEquals.java:177)
	at app//org.junit.jupiter.api.Assertions.assertEquals(Assertions.java:1145)
	at app//com.example.ssf.HealthConfigTest.testMinioHealthIndicator(HealthConfigTest.java:137)
	at java.base@21.0.7/java.lang.reflect.Method.invoke(Method.java:580)
	at java.base@21.0.7/java.util.ArrayList.forEach(ArrayList.java:1596)
	at java.base@21.0.7/java.util.ArrayList.forEach(ArrayList.java:1596)
</failure>
  </testcase>
  <testcase name="testDatabaseFileHealthIndicator()" classname="com.example.ssf.HealthConfigTest" time="0.003"/>
  <system-out><![CDATA[
  .   ____          _            __ _ _
 /\\ / ___'_ __ _ _(_)_ __  __ _ \ \ \ \
( ( )\___ | '_ | '_| | '_ \/ _` | \ \ \ \
 \\/  ___)| |_)| | | | | || (_| |  ) ) ) )
  '  |____| .__|_| |_|_| |_\__, | / / / /
 =========|_|==============|___/=/_/_/_/

 :: Spring Boot ::                (v3.4.5)

2025-05-19T21:21:14.803-04:00  INFO 36594 --- [ssf] [    Test worker] com.example.ssf.HealthConfigTest         : Starting HealthConfigTest using Java 21.0.7 with PID 36594 (started by rcs in /Users/rcs/git/graphqlScala/ssf)
2025-05-19T21:21:14.814-04:00  INFO 36594 --- [ssf] [    Test worker] com.example.ssf.HealthConfigTest         : No active profile set, falling back to 1 default profile: "default"
2025-05-19T21:21:14.943-04:00  INFO 36594 --- [ssf] [    Test worker] com.example.ssf.HealthConfigTest         : Started HealthConfigTest in 0.322 seconds (process running for 0.981)
]]></system-out>
  <system-err><![CDATA[WARNING: A Java agent has been loaded dynamically (/Users/rcs/.gradle/caches/modules-2/files-2.1/net.bytebuddy/byte-buddy-agent/1.15.11/a38b16385e867f59a641330f0362ebe742788ed8/byte-buddy-agent-1.15.11.jar)
WARNING: If a serviceability tool is in use, please run with -XX:+EnableDynamicAgentLoading to hide this warning
WARNING: If a serviceability tool is not in use, please run with -Djdk.instrument.traceUsage for more information
WARNING: Dynamic loading of agents will be disallowed by default in a future release
]]></system-err>
</testsuite>
