<?xml version="1.0" encoding="UTF-8"?>
<testsuite name="com.example.ssf.SsfApplicationTest" tests="2" skipped="0" failures="0" errors="0" timestamp="2025-05-20T01:21:18.781Z" hostname="Mac.lan" time="0.718">
  <properties/>
  <testcase name="mainMethodStartsApplication()" classname="com.example.ssf.SsfApplicationTest" time="0.715"/>
  <testcase name="contextLoads()" classname="com.example.ssf.SsfApplicationTest" time="0.002"/>
  <system-out><![CDATA[2025-05-19T21:21:16.225-04:00  INFO 36594 --- [ssf] [    Test worker] t.c.s.AnnotationConfigContextLoaderUtils : Could not detect default configuration classes for test class [com.example.ssf.SsfApplicationTest]: SsfApplicationTest does not declare any static, non-private, non-final, nested classes annotated with @Configuration.
2025-05-19T21:21:16.249-04:00  INFO 36594 --- [ssf] [    Test worker] .b.t.c.SpringBootTestContextBootstrapper : Found @SpringBootConfiguration com.example.ssf.SsfApplication for test class com.example.ssf.SsfApplicationTest

  .   ____          _            __ _ _
 /\\ / ___'_ __ _ _(_)_ __  __ _ \ \ \ \
( ( )\___ | '_ | '_| | '_ \/ _` | \ \ \ \
 \\/  ___)| |_)| | | | | || (_| |  ) ) ) )
  '  |____| .__|_| |_|_| |_\__, | / / / /
 =========|_|==============|___/=/_/_/_/

 :: Spring Boot ::                (v3.4.5)

2025-05-19T21:21:16.279-04:00  INFO 36594 --- [ssf] [    Test worker] com.example.ssf.SsfApplicationTest       : Starting SsfApplicationTest using Java 21.0.7 with PID 36594 (started by rcs in /Users/rcs/git/graphqlScala/ssf)
2025-05-19T21:21:16.279-04:00  INFO 36594 --- [ssf] [    Test worker] com.example.ssf.SsfApplicationTest       : No active profile set, falling back to 1 default profile: "default"
2025-05-19T21:21:16.835-04:00  INFO 36594 --- [ssf] [    Test worker] .s.d.r.c.RepositoryConfigurationDelegate : Bootstrapping Spring Data JPA repositories in DEFAULT mode.
2025-05-19T21:21:16.913-04:00  INFO 36594 --- [ssf] [    Test worker] .s.d.r.c.RepositoryConfigurationDelegate : Finished Spring Data repository scanning in 72 ms. Found 1 JPA repository interface.
2025-05-19T21:21:17.260-04:00  INFO 36594 --- [ssf] [    Test worker] o.hibernate.jpa.internal.util.LogHelper  : HHH000204: Processing PersistenceUnitInfo [name: default]
2025-05-19T21:21:17.289-04:00  INFO 36594 --- [ssf] [    Test worker] org.hibernate.Version                    : HHH000412: Hibernate ORM core version 6.6.13.Final
2025-05-19T21:21:17.307-04:00  INFO 36594 --- [ssf] [    Test worker] o.h.c.internal.RegionFactoryInitiator    : HHH000026: Second-level cache disabled
2025-05-19T21:21:17.381-04:00  INFO 36594 --- [ssf] [    Test worker] o.s.o.j.p.SpringPersistenceUnitInfo      : No LoadTimeWeaver setup: ignoring JPA class transformer
2025-05-19T21:21:17.397-04:00  INFO 36594 --- [ssf] [    Test worker] com.zaxxer.hikari.HikariDataSource       : HikariPool-1 - Starting...
2025-05-19T21:21:17.402-04:00  INFO 36594 --- [ssf] [    Test worker] com.zaxxer.hikari.pool.HikariPool        : HikariPool-1 - Added connection org.sqlite.jdbc4.JDBC4Connection@46bde78e
2025-05-19T21:21:17.403-04:00  INFO 36594 --- [ssf] [    Test worker] com.zaxxer.hikari.HikariDataSource       : HikariPool-1 - Start completed.
2025-05-19T21:21:17.423-04:00  INFO 36594 --- [ssf] [    Test worker] org.hibernate.orm.connections.pooling    : HHH10001005: Database info:
	Database JDBC URL [Connecting through datasource 'HikariDataSource (HikariPool-1)']
	Database driver: undefined/unknown
	Database version: 3.45.1
	Autocommit mode: undefined/unknown
	Isolation level: undefined/unknown
	Minimum pool size: undefined/unknown
	Maximum pool size: undefined/unknown
2025-05-19T21:21:17.802-04:00  INFO 36594 --- [ssf] [    Test worker] o.h.e.t.j.p.i.JtaPlatformInitiator       : HHH000489: No JTA platform available (set 'hibernate.transaction.jta.platform' to enable JTA platform integration)
2025-05-19T21:21:17.821-04:00  INFO 36594 --- [ssf] [    Test worker] j.LocalContainerEntityManagerFactoryBean : Initialized JPA EntityManagerFactory for persistence unit 'default'
2025-05-19T21:21:18.110-04:00  WARN 36594 --- [ssf] [    Test worker] JpaBaseConfiguration$JpaWebConfiguration : spring.jpa.open-in-view is enabled by default. Therefore, database queries may be performed during view rendering. Explicitly configure spring.jpa.open-in-view to disable this warning
2025-05-19T21:21:18.620-04:00  INFO 36594 --- [ssf] [    Test worker] r$InitializeUserDetailsManagerConfigurer : Global AuthenticationManager configured with UserDetailsService bean with name inMemoryUserDetailsManager
2025-05-19T21:21:18.689-04:00  INFO 36594 --- [ssf] [    Test worker] o.s.b.a.e.web.EndpointLinksResolver      : Exposing 14 endpoints beneath base path '/actuator'
2025-05-19T21:21:18.780-04:00  INFO 36594 --- [ssf] [    Test worker] com.example.ssf.SsfApplicationTest       : Started SsfApplicationTest in 2.528 seconds (process running for 4.819)

  .   ____          _            __ _ _
 /\\ / ___'_ __ _ _(_)_ __  __ _ \ \ \ \
( ( )\___ | '_ | '_| | '_ \/ _` | \ \ \ \
 \\/  ___)| |_)| | | | | || (_| |  ) ) ) )
  '  |____| .__|_| |_|_| |_\__, | / / / /
 =========|_|==============|___/=/_/_/_/

 :: Spring Boot ::                (v3.4.5)

2025-05-19T21:21:18.796-04:00  INFO 36594 --- [ssf] [    Test worker] com.example.ssf.SsfApplication           : Starting SsfApplication using Java 21.0.7 with PID 36594 (started by rcs in /Users/rcs/git/graphqlScala/ssf)
2025-05-19T21:21:18.796-04:00  INFO 36594 --- [ssf] [    Test worker] com.example.ssf.SsfApplication           : No active profile set, falling back to 1 default profile: "default"
2025-05-19T21:21:18.888-04:00  INFO 36594 --- [ssf] [    Test worker] .s.d.r.c.RepositoryConfigurationDelegate : Bootstrapping Spring Data JPA repositories in DEFAULT mode.
2025-05-19T21:21:18.892-04:00  INFO 36594 --- [ssf] [    Test worker] .s.d.r.c.RepositoryConfigurationDelegate : Finished Spring Data repository scanning in 2 ms. Found 1 JPA repository interface.
2025-05-19T21:21:19.060-04:00  INFO 36594 --- [ssf] [    Test worker] o.s.b.w.e.j.JettyServletWebServerFactory : Server initialized with port: 8443
2025-05-19T21:21:19.093-04:00  INFO 36594 --- [ssf] [    Test worker] org.eclipse.jetty.server.Server          : jetty-12.0.19; built: 2025-04-01T13:28:40.005Z; git: 23436cd577b4238238eb192683dfc2b1476c6b87; jvm 21.0.7+6-LTS
2025-05-19T21:21:19.112-04:00  INFO 36594 --- [ssf] [    Test worker] o.e.j.s.h.ContextHandler.application     : Initializing Spring embedded WebApplicationContext
2025-05-19T21:21:19.112-04:00  INFO 36594 --- [ssf] [    Test worker] w.s.c.ServletWebServerApplicationContext : Root WebApplicationContext: initialization completed in 315 ms
2025-05-19T21:21:19.187-04:00  INFO 36594 --- [ssf] [    Test worker] o.e.j.session.DefaultSessionIdManager    : Session workerName=node0
2025-05-19T21:21:19.190-04:00  INFO 36594 --- [ssf] [    Test worker] o.e.jetty.server.handler.ContextHandler  : Started osbwej.JettyEmbeddedWebAppContext@7826fc47{application,/,b=file:/private/var/folders/sd/ssq5k_gj45v6ngl78dwb69fm0000gn/T/jetty-docbase.8443.10913836926311835396/,a=AVAILABLE,h=oeje10s.SessionHandler@5b1e5215{STARTED}}
2025-05-19T21:21:19.191-04:00  INFO 36594 --- [ssf] [    Test worker] o.e.j.e.servlet.ServletContextHandler    : Started osbwej.JettyEmbeddedWebAppContext@7826fc47{application,/,b=file:/private/var/folders/sd/ssq5k_gj45v6ngl78dwb69fm0000gn/T/jetty-docbase.8443.10913836926311835396/,a=AVAILABLE,h=oeje10s.SessionHandler@5b1e5215{STARTED}}
2025-05-19T21:21:19.191-04:00  INFO 36594 --- [ssf] [    Test worker] org.eclipse.jetty.server.Server          : Started oejs.Server@971a08b{STARTING}[12.0.19,sto=0] @5229ms
2025-05-19T21:21:19.212-04:00  INFO 36594 --- [ssf] [    Test worker] o.hibernate.jpa.internal.util.LogHelper  : HHH000204: Processing PersistenceUnitInfo [name: default]
2025-05-19T21:21:19.214-04:00  INFO 36594 --- [ssf] [    Test worker] o.h.c.internal.RegionFactoryInitiator    : HHH000026: Second-level cache disabled
2025-05-19T21:21:19.218-04:00  INFO 36594 --- [ssf] [    Test worker] o.s.o.j.p.SpringPersistenceUnitInfo      : No LoadTimeWeaver setup: ignoring JPA class transformer
2025-05-19T21:21:19.219-04:00  INFO 36594 --- [ssf] [    Test worker] com.zaxxer.hikari.HikariDataSource       : HikariPool-2 - Starting...
2025-05-19T21:21:19.219-04:00  INFO 36594 --- [ssf] [    Test worker] com.zaxxer.hikari.pool.HikariPool        : HikariPool-2 - Added connection org.sqlite.jdbc4.JDBC4Connection@bdcd43f
2025-05-19T21:21:19.219-04:00  INFO 36594 --- [ssf] [    Test worker] com.zaxxer.hikari.HikariDataSource       : HikariPool-2 - Start completed.
2025-05-19T21:21:19.220-04:00  INFO 36594 --- [ssf] [    Test worker] org.hibernate.orm.connections.pooling    : HHH10001005: Database info:
	Database JDBC URL [Connecting through datasource 'HikariDataSource (HikariPool-2)']
	Database driver: undefined/unknown
	Database version: 3.45.1
	Autocommit mode: undefined/unknown
	Isolation level: undefined/unknown
	Minimum pool size: undefined/unknown
	Maximum pool size: undefined/unknown
2025-05-19T21:21:19.229-04:00  INFO 36594 --- [ssf] [    Test worker] o.h.e.t.j.p.i.JtaPlatformInitiator       : HHH000489: No JTA platform available (set 'hibernate.transaction.jta.platform' to enable JTA platform integration)
2025-05-19T21:21:19.230-04:00  INFO 36594 --- [ssf] [    Test worker] j.LocalContainerEntityManagerFactoryBean : Initialized JPA EntityManagerFactory for persistence unit 'default'
2025-05-19T21:21:19.266-04:00  WARN 36594 --- [ssf] [    Test worker] JpaBaseConfiguration$JpaWebConfiguration : spring.jpa.open-in-view is enabled by default. Therefore, database queries may be performed during view rendering. Explicitly configure spring.jpa.open-in-view to disable this warning
2025-05-19T21:21:19.413-04:00  INFO 36594 --- [ssf] [    Test worker] r$InitializeUserDetailsManagerConfigurer : Global AuthenticationManager configured with UserDetailsService bean with name inMemoryUserDetailsManager
2025-05-19T21:21:19.425-04:00  INFO 36594 --- [ssf] [    Test worker] o.s.b.a.e.web.EndpointLinksResolver      : Exposing 14 endpoints beneath base path '/actuator'
2025-05-19T21:21:19.460-04:00  INFO 36594 --- [ssf] [    Test worker] o.e.j.s.h.ContextHandler.application     : Initializing Spring DispatcherServlet 'dispatcherServlet'
2025-05-19T21:21:19.460-04:00  INFO 36594 --- [ssf] [    Test worker] o.s.web.servlet.DispatcherServlet        : Initializing Servlet 'dispatcherServlet'
2025-05-19T21:21:19.461-04:00  INFO 36594 --- [ssf] [    Test worker] o.s.web.servlet.DispatcherServlet        : Completed initialization in 0 ms
2025-05-19T21:21:19.464-04:00  INFO 36594 --- [ssf] [    Test worker] o.e.jetty.util.ssl.SslContextFactory     : x509=X509@6d51c19e(ssf,h=[localhost],a=[],w=[]) for Server@646eaedb[provider=null,keyStore=null,trustStore=null]
2025-05-19T21:21:19.489-04:00  INFO 36594 --- [ssf] [    Test worker] o.e.jetty.server.AbstractConnector       : Started SslValidatingServerConnector@6536f06c{SSL, (ssl, http/1.1)}{0.0.0.0:8443}
2025-05-19T21:21:19.490-04:00  INFO 36594 --- [ssf] [    Test worker] o.s.b.web.embedded.jetty.JettyWebServer  : Jetty started on port 8443 (ssl, http/1.1) with context path '/'
2025-05-19T21:21:19.493-04:00  INFO 36594 --- [ssf] [    Test worker] com.example.ssf.SsfApplication           : Started SsfApplication in 0.708 seconds (process running for 5.531)
]]></system-out>
  <system-err><![CDATA[]]></system-err>
</testsuite>
